<?xml version="1.0" encoding="UTF-8"?>
<robot generator="Robot 5.0.1 (Python 3.10.6 on win32)" generated="20220905 14:27:26.561" rpa="false" schemaversion="3">
<suite id="s1" name="TestSuites" source="C:\PythonInterviewProject\TestSuites">
<suite id="s1-s1" name="UI Tests" source="C:\PythonInterviewProject\TestSuites\UI_Tests">
<suite id="s1-s1-s1" name="TS001 UI Click" source="C:\PythonInterviewProject\TestSuites\UI_Tests\TS001_UI_Click.robot">
<test id="s1-s1-s1-t1" name="UI_TS001_Test_1: Check if the color of button before and after the click" line="18">
<kw name="Preconditions" type="SETUP">
<kw name="Open the web page" library="Generic">
<arg>url=${WEB_URL}</arg>
<arg>browser=${BROWSER}</arg>
<kw name="Open Browser" library="SeleniumLibrary">
<arg>${url}</arg>
<arg>${browser}</arg>
<doc>Opens a new browser instance to the optional ``url``.</doc>
<msg timestamp="20220905 14:27:26.809" level="INFO">Opening browser 'Chrome' to base url 'http://www.uitestingplayground.com/'.</msg>
<status status="PASS" starttime="20220905 14:27:26.808" endtime="20220905 14:27:29.833"/>
</kw>
<kw name="Maximize Browser Window" library="SeleniumLibrary">
<doc>Maximizes current browser window.</doc>
<status status="PASS" starttime="20220905 14:27:29.834" endtime="20220905 14:27:30.066"/>
</kw>
<kw name="Wait Until Page Contains" library="SeleniumLibrary">
<arg>text=UI Test Automation Playground</arg>
<arg>timeout=30s</arg>
<doc>Waits until ``text`` appears on the current page.</doc>
<status status="PASS" starttime="20220905 14:27:30.066" endtime="20220905 14:27:30.200"/>
</kw>
<status status="PASS" starttime="20220905 14:27:26.808" endtime="20220905 14:27:30.200"/>
</kw>
<kw name="Click on the scenario name" library="MainPage">
<arg>hyperlink_name=Click</arg>
<kw name="Click Element" library="SeleniumLibrary">
<arg>//a[text()="${hyperlink_name}"]</arg>
<doc>Click the element identified by ``locator``.</doc>
<msg timestamp="20220905 14:27:30.202" level="INFO">Clicking element '//a[text()="Click"]'.</msg>
<status status="PASS" starttime="20220905 14:27:30.201" endtime="20220905 14:27:30.943"/>
</kw>
<status status="PASS" starttime="20220905 14:27:30.201" endtime="20220905 14:27:30.943"/>
</kw>
<status status="PASS" starttime="20220905 14:27:26.807" endtime="20220905 14:27:30.943"/>
</kw>
<kw name="Given The button is visible with the expected color" library="ClickActions">
<arg>buttonName=${buttonName}</arg>
<arg>expectedColor=${rgbaBlue}</arg>
<kw name="Set Variable" library="BuiltIn">
<var>${element_xpath}</var>
<arg>xpath=//button[text()="${buttonName}"]</arg>
<doc>Returns the given values which can then be assigned to a variables.</doc>
<msg timestamp="20220905 14:27:30.945" level="INFO">${element_xpath} = xpath=//button[text()="Button That Ignores DOM Click Event"]</msg>
<status status="PASS" starttime="20220905 14:27:30.944" endtime="20220905 14:27:30.945"/>
</kw>
<kw name="Mouse Out" library="SeleniumLibrary">
<arg>locator=${element_xpath}</arg>
<doc>Simulates moving the mouse away from the element ``locator``.</doc>
<msg timestamp="20220905 14:27:30.945" level="INFO">Simulating Mouse Out on element 'xpath=//button[text()="Button That Ignores DOM Click Event"]'.</msg>
<status status="PASS" starttime="20220905 14:27:30.945" endtime="20220905 14:27:31.510"/>
</kw>
<kw name="Get CSS Property Value" library="Generic">
<var>${actualColor}</var>
<arg>${element_xpath}</arg>
<arg>background-color</arg>
<doc>Get the CSS property value of an Element.</doc>
<kw name="Get WebElement" library="SeleniumLibrary">
<var>${css}</var>
<arg>locator=${locator}</arg>
<doc>Returns the first WebElement matching the given ``locator``.</doc>
<msg timestamp="20220905 14:27:31.518" level="INFO">${css} = &lt;selenium.webdriver.remote.webelement.WebElement (session="93d59747221b45eb88ed99a4070a9a83", element="3113100e-6f96-422f-b4d0-2841b9318d81")&gt;</msg>
<status status="PASS" starttime="20220905 14:27:31.511" endtime="20220905 14:27:31.518"/>
</kw>
<kw name="Call Method" library="BuiltIn">
<var>${prop_val}</var>
<arg>${css}</arg>
<arg>value_of_css_property</arg>
<arg>${attribute_name}</arg>
<doc>Calls the named method of the given object with the provided arguments.</doc>
<msg timestamp="20220905 14:27:31.529" level="INFO">${prop_val} = rgba(0, 123, 255, 1)</msg>
<status status="PASS" starttime="20220905 14:27:31.518" endtime="20220905 14:27:31.530"/>
</kw>
<msg timestamp="20220905 14:27:31.530" level="INFO">${actualColor} = rgba(0, 123, 255, 1)</msg>
<status status="PASS" starttime="20220905 14:27:31.511" endtime="20220905 14:27:31.530"/>
</kw>
<kw name="Should Be Equal As Strings" library="BuiltIn">
<arg>first=${expectedColor}</arg>
<arg>second=${actualColor}</arg>
<doc>Fails if objects are unequal after converting them to strings.</doc>
<status status="PASS" starttime="20220905 14:27:31.530" endtime="20220905 14:27:31.531"/>
</kw>
<status status="PASS" starttime="20220905 14:27:30.943" endtime="20220905 14:27:31.531"/>
</kw>
<kw name="When Click on the button" library="ClickActions">
<arg>buttonName=${buttonName}</arg>
<kw name="Set Variable" library="BuiltIn">
<var>${button_xpath}</var>
<arg>//button[text()="${buttonName}"]</arg>
<doc>Returns the given values which can then be assigned to a variables.</doc>
<msg timestamp="20220905 14:27:31.532" level="INFO">${button_xpath} = //button[text()="Button That Ignores DOM Click Event"]</msg>
<status status="PASS" starttime="20220905 14:27:31.531" endtime="20220905 14:27:31.532"/>
</kw>
<kw name="Wait Until Element Is Visible" library="SeleniumLibrary">
<arg>${button_xpath}</arg>
<doc>Waits until the element ``locator`` is visible.</doc>
<status status="PASS" starttime="20220905 14:27:31.532" endtime="20220905 14:27:31.554"/>
</kw>
<kw name="Click Element" library="SeleniumLibrary">
<arg>${button_xpath}</arg>
<doc>Click the element identified by ``locator``.</doc>
<msg timestamp="20220905 14:27:31.555" level="INFO">Clicking element '//button[text()="Button That Ignores DOM Click Event"]'.</msg>
<status status="PASS" starttime="20220905 14:27:31.555" endtime="20220905 14:27:31.598"/>
</kw>
<kw name="Mouse Out" library="SeleniumLibrary">
<arg>${button_xpath}</arg>
<doc>Simulates moving the mouse away from the element ``locator``.</doc>
<msg timestamp="20220905 14:27:31.599" level="INFO">Simulating Mouse Out on element '//button[text()="Button That Ignores DOM Click Event"]'.</msg>
<status status="PASS" starttime="20220905 14:27:31.598" endtime="20220905 14:27:32.149"/>
</kw>
<status status="PASS" starttime="20220905 14:27:31.531" endtime="20220905 14:27:32.150"/>
</kw>
<kw name="Then The button is visible with the expected color" library="ClickActions">
<arg>buttonName=${buttonName}</arg>
<arg>expectedColor=${rgbaGreen}</arg>
<kw name="Set Variable" library="BuiltIn">
<var>${element_xpath}</var>
<arg>xpath=//button[text()="${buttonName}"]</arg>
<doc>Returns the given values which can then be assigned to a variables.</doc>
<msg timestamp="20220905 14:27:32.151" level="INFO">${element_xpath} = xpath=//button[text()="Button That Ignores DOM Click Event"]</msg>
<status status="PASS" starttime="20220905 14:27:32.150" endtime="20220905 14:27:32.151"/>
</kw>
<kw name="Mouse Out" library="SeleniumLibrary">
<arg>locator=${element_xpath}</arg>
<doc>Simulates moving the mouse away from the element ``locator``.</doc>
<msg timestamp="20220905 14:27:32.151" level="INFO">Simulating Mouse Out on element 'xpath=//button[text()="Button That Ignores DOM Click Event"]'.</msg>
<status status="PASS" starttime="20220905 14:27:32.151" endtime="20220905 14:27:32.697"/>
</kw>
<kw name="Get CSS Property Value" library="Generic">
<var>${actualColor}</var>
<arg>${element_xpath}</arg>
<arg>background-color</arg>
<doc>Get the CSS property value of an Element.</doc>
<kw name="Get WebElement" library="SeleniumLibrary">
<var>${css}</var>
<arg>locator=${locator}</arg>
<doc>Returns the first WebElement matching the given ``locator``.</doc>
<msg timestamp="20220905 14:27:32.705" level="INFO">${css} = &lt;selenium.webdriver.remote.webelement.WebElement (session="93d59747221b45eb88ed99a4070a9a83", element="3113100e-6f96-422f-b4d0-2841b9318d81")&gt;</msg>
<status status="PASS" starttime="20220905 14:27:32.698" endtime="20220905 14:27:32.705"/>
</kw>
<kw name="Call Method" library="BuiltIn">
<var>${prop_val}</var>
<arg>${css}</arg>
<arg>value_of_css_property</arg>
<arg>${attribute_name}</arg>
<doc>Calls the named method of the given object with the provided arguments.</doc>
<msg timestamp="20220905 14:27:32.714" level="INFO">${prop_val} = rgba(40, 167, 69, 1)</msg>
<status status="PASS" starttime="20220905 14:27:32.705" endtime="20220905 14:27:32.714"/>
</kw>
<msg timestamp="20220905 14:27:32.714" level="INFO">${actualColor} = rgba(40, 167, 69, 1)</msg>
<status status="PASS" starttime="20220905 14:27:32.697" endtime="20220905 14:27:32.714"/>
</kw>
<kw name="Should Be Equal As Strings" library="BuiltIn">
<arg>first=${expectedColor}</arg>
<arg>second=${actualColor}</arg>
<doc>Fails if objects are unequal after converting them to strings.</doc>
<status status="PASS" starttime="20220905 14:27:32.715" endtime="20220905 14:27:32.715"/>
</kw>
<status status="PASS" starttime="20220905 14:27:32.150" endtime="20220905 14:27:32.715"/>
</kw>
<kw name="Teardowns" type="TEARDOWN">
<kw name="Run Keyword If Test Failed" library="BuiltIn">
<arg>Capture Page Screenshot</arg>
<doc>Runs the given keyword with the given arguments, if the test failed.</doc>
<status status="PASS" starttime="20220905 14:27:32.716" endtime="20220905 14:27:32.716"/>
</kw>
<kw name="Close Browser" library="SeleniumLibrary">
<doc>Closes the current browser.</doc>
<status status="PASS" starttime="20220905 14:27:32.717" endtime="20220905 14:27:34.839"/>
</kw>
<status status="PASS" starttime="20220905 14:27:32.716" endtime="20220905 14:27:34.839"/>
</kw>
<tag>ClickFunction</tag>
<tag>UI</tag>
<status status="PASS" starttime="20220905 14:27:26.806" endtime="20220905 14:27:34.839"/>
</test>
<status status="PASS" starttime="20220905 14:27:26.592" endtime="20220905 14:27:34.840"/>
</suite>
<status status="PASS" starttime="20220905 14:27:26.589" endtime="20220905 14:27:34.841"/>
</suite>
<status status="PASS" starttime="20220905 14:27:26.572" endtime="20220905 14:27:34.842"/>
</suite>
<statistics>
<total>
<stat pass="1" fail="0" skip="0">All Tests</stat>
</total>
<tag>
<stat pass="1" fail="0" skip="0">ClickFunction</stat>
<stat pass="1" fail="0" skip="0">UI</stat>
</tag>
<suite>
<stat pass="1" fail="0" skip="0" id="s1" name="TestSuites">TestSuites</stat>
<stat pass="1" fail="0" skip="0" id="s1-s1" name="UI Tests">TestSuites.UI Tests</stat>
<stat pass="1" fail="0" skip="0" id="s1-s1-s1" name="TS001 UI Click">TestSuites.UI Tests.TS001 UI Click</stat>
</suite>
</statistics>
<errors>
</errors>
</robot>
